[0.254s] Invoking command in '/home/mauricio/minicurso-ros2/build/interfaces_package': CMAKE_PREFIX_PATH=${CMAKE_PREFIX_PATH}:/home/mauricio/Documents/Taura/soccer-client-ros2/install/trajectory_package:/home/mauricio/Documents/Taura/soccer-client-ros2/install/strategy_package:/home/mauricio/Documents/Taura/soccer-client-ros2/install/sender_package:/home/mauricio/Documents/Taura/soccer-client-ros2/install/robots_package:/home/mauricio/Documents/Taura/soccer-client-ros2/install/receiver_package:/home/mauricio/Documents/Taura/soccer-client-ros2/install/protobuf_package:/home/mauricio/Documents/Taura/soccer-client-ros2/install/manager_package:/home/mauricio/Documents/Taura/soccer-client-ros2/install/controller_package:/home/mauricio/Documents/Taura/soccer-client-ros2/install/behavior_package:/opt/ros/humble /usr/bin/cmake --build /home/mauricio/minicurso-ros2/build/interfaces_package -- -j12 -l12
[0.486s] -- Found ament_cmake: 1.3.9 (/opt/ros/humble/share/ament_cmake/cmake)
[0.538s] -- Found rclpy: 3.3.13 (/opt/ros/humble/share/rclpy/cmake)
[0.549s] -- Found std_msgs: 4.2.3 (/opt/ros/humble/share/std_msgs/cmake)
[0.589s] -- Found rosidl_generator_c: 3.1.5 (/opt/ros/humble/share/rosidl_generator_c/cmake)
[0.593s] -- Found rosidl_adapter: 3.1.5 (/opt/ros/humble/share/rosidl_adapter/cmake)
[0.602s] -- Found rosidl_generator_cpp: 3.1.5 (/opt/ros/humble/share/rosidl_generator_cpp/cmake)
[0.621s] -- Using all available rosidl_typesupport_c: rosidl_typesupport_fastrtps_c;rosidl_typesupport_introspection_c
[0.643s] -- Using all available rosidl_typesupport_cpp: rosidl_typesupport_fastrtps_cpp;rosidl_typesupport_introspection_cpp
[0.698s] -- Found rosidl_default_generators: 1.2.0 (/opt/ros/humble/share/rosidl_default_generators/cmake)
[0.884s] [31mCMake Error at /opt/ros/humble/share/rosidl_adapter/cmake/rosidl_adapt_interfaces.cmake:59 (message):
[0.884s]   execute_process(/usr/bin/python3 -m rosidl_adapter --package-name
[0.884s]   interfaces_package --arguments-file
[0.884s]   /home/mauricio/minicurso-ros2/build/interfaces_package/rosidl_adapter__arguments__interfaces_package.json
[0.885s]   --output-dir
[0.885s]   /home/mauricio/minicurso-ros2/build/interfaces_package/rosidl_adapter/interfaces_package
[0.885s]   --output-file
[0.885s]   /home/mauricio/minicurso-ros2/build/interfaces_package/rosidl_adapter/interfaces_package.idls)
[0.885s]   returned error code 1:
[0.885s] 
[0.885s]   Traceback (most recent call last):
[0.885s] 
[0.885s]     File "/usr/lib/python3.10/runpy.py", line 196, in _run_module_as_main
[0.885s]       return _run_code(code, main_globals, None,
[0.885s]     File "/usr/lib/python3.10/runpy.py", line 86, in _run_code
[0.885s]       exec(code, run_globals)
[0.886s]     File "/opt/ros/humble/local/lib/python3.10/dist-packages/rosidl_adapter/__main__.py", line 19, in <module>
[0.886s]       sys.exit(main())
[0.886s]     File "/opt/ros/humble/local/lib/python3.10/dist-packages/rosidl_adapter/main.py", line 53, in main
[0.886s]       abs_idl_file = convert_to_idl(
[0.886s]     File "/opt/ros/humble/local/lib/python3.10/dist-packages/rosidl_adapter/__init__.py", line 24, in convert_to_idl
[0.886s]       return convert_srv_to_idl(
[0.886s]     File "/opt/ros/humble/local/lib/python3.10/dist-packages/rosidl_adapter/srv/__init__.py", line 28, in convert_srv_to_idl
[0.886s]       srv = parse_service_string(package_name, input_file.stem, content)
[0.886s]     File "/opt/ros/humble/local/lib/python3.10/dist-packages/rosidl_adapter/parser.py", line 850, in parse_service_string
[0.886s]       raise InvalidServiceSpecification(
[0.886s] 
[0.886s]   rosidl_adapter.parser.InvalidServiceSpecification: Could not find separator
[0.887s]   '---' between request and response
[0.887s] 
[0.887s] Call Stack (most recent call first):
[0.887s]   /opt/ros/humble/share/rosidl_cmake/cmake/rosidl_generate_interfaces.cmake:130 (rosidl_adapt_interfaces)
[0.887s]   CMakeLists.txt:15 (rosidl_generate_interfaces)
[0.887s] 
[0.887s] [0m
[0.887s] -- Configuring incomplete, errors occurred!
[0.887s] See also "/home/mauricio/minicurso-ros2/build/interfaces_package/CMakeFiles/CMakeOutput.log".
[0.889s] gmake: *** [Makefile:747: cmake_check_build_system] Error 1
[0.891s] Invoked command in '/home/mauricio/minicurso-ros2/build/interfaces_package' returned '2': CMAKE_PREFIX_PATH=${CMAKE_PREFIX_PATH}:/home/mauricio/Documents/Taura/soccer-client-ros2/install/trajectory_package:/home/mauricio/Documents/Taura/soccer-client-ros2/install/strategy_package:/home/mauricio/Documents/Taura/soccer-client-ros2/install/sender_package:/home/mauricio/Documents/Taura/soccer-client-ros2/install/robots_package:/home/mauricio/Documents/Taura/soccer-client-ros2/install/receiver_package:/home/mauricio/Documents/Taura/soccer-client-ros2/install/protobuf_package:/home/mauricio/Documents/Taura/soccer-client-ros2/install/manager_package:/home/mauricio/Documents/Taura/soccer-client-ros2/install/controller_package:/home/mauricio/Documents/Taura/soccer-client-ros2/install/behavior_package:/opt/ros/humble /usr/bin/cmake --build /home/mauricio/minicurso-ros2/build/interfaces_package -- -j12 -l12
